<?xml version="1.0" encoding="UTF-8" ?>
<testsuite tests="7" failures="0" name="com.mikhail_golovackii.developmentTeams.service.impl.DeveloperServiceImplTest" time="0.619" errors="0" skipped="0">
  <properties>
[...]
</properties>
  <testcase classname="com.mikhail_golovackii.developmentTeams.service.impl.DeveloperServiceImplTest" name="testSave" time="0.603"/>
  <testcase classname="com.mikhail_golovackii.developmentTeams.service.impl.DeveloperServiceImplTest" name="testUpdateById" time="0.002"/>
  <testcase classname="com.mikhail_golovackii.developmentTeams.service.impl.DeveloperServiceImplTest" name="testGetById" time="0.006"/>
  <testcase classname="com.mikhail_golovackii.developmentTeams.service.impl.DeveloperServiceImplTest" name="testDeleteById" time="0.001"/>
  <testcase classname="com.mikhail_golovackii.developmentTeams.service.impl.DeveloperServiceImplTest" name="testAddSkillToDeveloper" time="0.003"/>
  <testcase classname="com.mikhail_golovackii.developmentTeams.service.impl.DeveloperServiceImplTest" name="testGetAll" time="0.002"/>
  <testcase classname="com.mikhail_golovackii.developmentTeams.service.impl.DeveloperServiceImplTest" name="testDeleteSkillFromDeveloper" time="0.002"/>
</testsuite>